{"name": "test_login", "status": "failed", "statusDetails": {"message": "AssertionError: assert False", "trace": "self = <Excerise.test_Allure.Test_Allure object at 0x03E8F2D0>\n\n    def test_login(self):\n    \n        self.driver = webdriver.Chrome()\n        self.driver.get(\"http://hublibrt.com:2001\")\n        time.sleep(30)\n        title = self.driver.title\n    \n        if title == 'VPSD':\n            assert True\n            self.\\\n                driver.close()\n        else:\n>           assert False\nE           assert False\n\ntest_Allure.py:22: AssertionError"}, "start": 1593501874549, "stop": 1593501915848, "uuid": "ee339f16-e647-46d1-872b-c41cd6111318", "historyId": "040e0fcd750239883a9b5e37a3bd43e6", "testCaseId": "7420682c2b15da17443e54476e72e27e", "fullName": "test_Allure.Test_Allure#test_login", "labels": [{"name": "suite", "value": "test_Allure"}, {"name": "subSuite", "value": "Test_Allure"}, {"name": "host", "value": "LAPTOP-1GVJLT12"}, {"name": "thread", "value": "17044-MainThread"}, {"name": "framework", "value": "pytest"}, {"name": "language", "value": "cpython3"}, {"name": "package", "value": "test_Allure"}]}