{"name": "test_login", "status": "failed", "statusDetails": {"message": "AssertionError: assert False", "trace": "self = <Excerise.test_Allure.Test_Allure object at 0x0470F0D0>\n\n    def test_login(self):\n    \n        self.driver = webdriver.Chrome()\n        self.driver.get(\"http://hublibrt.com:2001\")\n        time.sleep(30)\n        title = self.driver.title\n    \n        if title == 'VPSD':\n            assert True\n            self.driver.close()\n        else:\n>           assert False\nE           assert False\n\ntest_Allure.py:21: AssertionError"}, "start": 1593502063968, "stop": 1593502108294, "uuid": "a55fa0e8-06d4-43a5-b281-486019c42f0d", "historyId": "040e0fcd750239883a9b5e37a3bd43e6", "testCaseId": "7420682c2b15da17443e54476e72e27e", "fullName": "test_Allure.Test_Allure#test_login", "labels": [{"name": "suite", "value": "test_Allure"}, {"name": "subSuite", "value": "Test_Allure"}, {"name": "host", "value": "LAPTOP-1GVJLT12"}, {"name": "thread", "value": "23360-MainThread"}, {"name": "framework", "value": "pytest"}, {"name": "language", "value": "cpython3"}, {"name": "package", "value": "test_Allure"}]}